<?xml version="1.0" encoding="UTF-8" ?>
<testsuite failures="0" time="0.194" errors="0" skipped="0" tests="9" name="com.studentmanagement.domain.StudentIntegrationTest">
  <properties>
[...]
</properties>
  <testcase time="0.008" classname="com.studentmanagement.domain.StudentIntegrationTest" name="testMarkerMethod"/>
  <testcase time="0.034" classname="com.studentmanagement.domain.StudentIntegrationTest" name="testCount"/>
  <testcase time="0.028" classname="com.studentmanagement.domain.StudentIntegrationTest" name="testFind"/>
  <testcase time="0.022" classname="com.studentmanagement.domain.StudentIntegrationTest" name="testFindAll"/>
  <testcase time="0.022" classname="com.studentmanagement.domain.StudentIntegrationTest" name="testFindEntries"/>
  <testcase time="0.018" classname="com.studentmanagement.domain.StudentIntegrationTest" name="testFlush"/>
  <testcase time="0.018" classname="com.studentmanagement.domain.StudentIntegrationTest" name="testSaveUpdate"/>
  <testcase time="0.018" classname="com.studentmanagement.domain.StudentIntegrationTest" name="testSave"/>
  <testcase time="0.024" classname="com.studentmanagement.domain.StudentIntegrationTest" name="testDelete"/>
</testsuite>